Pig Stack Trace
---------------
ERROR 1025: <file /Users/merqurius/Workspace/CS585/CS585HW1/src/PigQuery1.pig, line 7, column 24> Invalid field projection. Projected field [id] does not exist in schema: group:int,alldata:bag{:tuple(A::id:int,A::name:chararray,B::cust_id:int,B::trans_id:int)}.

org.apache.pig.impl.plan.PlanValidationException: ERROR 1025: <file /Users/merqurius/Workspace/CS585/CS585HW1/src/PigQuery1.pig, line 7, column 24> Invalid field projection. Projected field [id] does not exist in schema: group:int,alldata:bag{:tuple(A::id:int,A::name:chararray,B::cust_id:int,B::trans_id:int)}.
	at org.apache.pig.newplan.logical.expression.ProjectExpression.findColNum(ProjectExpression.java:191)
	at org.apache.pig.newplan.logical.expression.ProjectExpression.setColumnNumberFromAlias(ProjectExpression.java:174)
	at org.apache.pig.newplan.logical.visitor.ColumnAliasConversionVisitor$1.visit(ColumnAliasConversionVisitor.java:53)
	at org.apache.pig.newplan.logical.expression.ProjectExpression.accept(ProjectExpression.java:215)
	at org.apache.pig.newplan.DependencyOrderWalker.walk(DependencyOrderWalker.java:75)
	at org.apache.pig.newplan.PlanVisitor.visit(PlanVisitor.java:52)
	at org.apache.pig.newplan.logical.optimizer.AllExpressionVisitor.visit(AllExpressionVisitor.java:142)
	at org.apache.pig.newplan.logical.relational.LOInnerLoad.accept(LOInnerLoad.java:128)
	at org.apache.pig.newplan.DependencyOrderWalker.walk(DependencyOrderWalker.java:75)
	at org.apache.pig.newplan.logical.optimizer.AllExpressionVisitor.visit(AllExpressionVisitor.java:124)
	at org.apache.pig.newplan.logical.relational.LOForEach.accept(LOForEach.java:87)
	at org.apache.pig.newplan.DependencyOrderWalker.walk(DependencyOrderWalker.java:75)
	at org.apache.pig.newplan.PlanVisitor.visit(PlanVisitor.java:52)
	at org.apache.pig.newplan.logical.relational.LogicalPlan.validate(LogicalPlan.java:176)
	at org.apache.pig.PigServer$Graph.compile(PigServer.java:1852)
	at org.apache.pig.PigServer$Graph.access$300(PigServer.java:1528)
	at org.apache.pig.PigServer.execute(PigServer.java:1441)
	at org.apache.pig.PigServer.executeBatch(PigServer.java:489)
	at org.apache.pig.PigServer.executeBatch(PigServer.java:472)
	at org.apache.pig.tools.grunt.GruntParser.executeBatch(GruntParser.java:171)
	at org.apache.pig.tools.grunt.GruntParser.parseStopOnError(GruntParser.java:234)
	at org.apache.pig.tools.grunt.GruntParser.parseStopOnError(GruntParser.java:205)
	at org.apache.pig.tools.grunt.Grunt.exec(Grunt.java:81)
	at org.apache.pig.Main.run(Main.java:630)
	at org.apache.pig.Main.main(Main.java:175)
	at java.base/jdk.internal.reflect.NativeMethodAccessorImpl.invoke0(Native Method)
	at java.base/jdk.internal.reflect.NativeMethodAccessorImpl.invoke(NativeMethodAccessorImpl.java:62)
	at java.base/jdk.internal.reflect.DelegatingMethodAccessorImpl.invoke(DelegatingMethodAccessorImpl.java:43)
	at java.base/java.lang.reflect.Method.invoke(Method.java:564)
	at org.apache.hadoop.util.RunJar.run(RunJar.java:323)
	at org.apache.hadoop.util.RunJar.main(RunJar.java:236)
================================================================================
