Pig Stack Trace
---------------
ERROR 1031: Incompatible schema: left is "bnd:NULL,gender:NULL", right is "group:tuple(F::bnd:chararray,F::cgender:chararray)"

org.apache.pig.impl.logicalLayer.FrontendException: ERROR 1000: Error during parsing. Incompatible schema: left is "bnd:NULL,gender:NULL", right is "group:tuple(F::bnd:chararray,F::cgender:chararray)"
	at org.apache.pig.PigServer$Graph.parseQuery(PigServer.java:1833)
	at org.apache.pig.PigServer$Graph.access$000(PigServer.java:1528)
	at org.apache.pig.PigServer.parseAndBuild(PigServer.java:461)
	at org.apache.pig.PigServer.executeBatch(PigServer.java:486)
	at org.apache.pig.PigServer.executeBatch(PigServer.java:472)
	at org.apache.pig.tools.grunt.GruntParser.executeBatch(GruntParser.java:171)
	at org.apache.pig.tools.grunt.GruntParser.parseStopOnError(GruntParser.java:234)
	at org.apache.pig.tools.grunt.GruntParser.parseStopOnError(GruntParser.java:205)
	at org.apache.pig.tools.grunt.Grunt.exec(Grunt.java:81)
	at org.apache.pig.Main.run(Main.java:630)
	at org.apache.pig.Main.main(Main.java:175)
	at java.base/jdk.internal.reflect.NativeMethodAccessorImpl.invoke0(Native Method)
	at java.base/jdk.internal.reflect.NativeMethodAccessorImpl.invoke(NativeMethodAccessorImpl.java:62)
	at java.base/jdk.internal.reflect.DelegatingMethodAccessorImpl.invoke(DelegatingMethodAccessorImpl.java:43)
	at java.base/java.lang.reflect.Method.invoke(Method.java:564)
	at org.apache.hadoop.util.RunJar.run(RunJar.java:323)
	at org.apache.hadoop.util.RunJar.main(RunJar.java:236)
Caused by: Failed to parse: Pig script failed to parse: <file /Users/merqurius/Workspace/CS585/CS585HW1/src/Pigtest.pig, line 11, column 4> pig script failed to validate: org.apache.pig.impl.logicalLayer.FrontendException: ERROR 1031: Incompatible schema: left is "bnd:NULL,gender:NULL", right is "group:tuple(F::bnd:chararray,F::cgender:chararray)"
	at org.apache.pig.parser.QueryParserDriver.parse(QueryParserDriver.java:199)
	at org.apache.pig.PigServer$Graph.parseQuery(PigServer.java:1820)
	... 16 more
Caused by: <file /Users/merqurius/Workspace/CS585/CS585HW1/src/Pigtest.pig, line 11, column 4> pig script failed to validate: org.apache.pig.impl.logicalLayer.FrontendException: ERROR 1031: Incompatible schema: left is "bnd:NULL,gender:NULL", right is "group:tuple(F::bnd:chararray,F::cgender:chararray)"
	at org.apache.pig.parser.LogicalPlanBuilder.buildForeachOp(LogicalPlanBuilder.java:1066)
	at org.apache.pig.parser.LogicalPlanGenerator.foreach_clause(LogicalPlanGenerator.java:15896)
	at org.apache.pig.parser.LogicalPlanGenerator.op_clause(LogicalPlanGenerator.java:1933)
	at org.apache.pig.parser.LogicalPlanGenerator.general_statement(LogicalPlanGenerator.java:1102)
	at org.apache.pig.parser.LogicalPlanGenerator.statement(LogicalPlanGenerator.java:560)
	at org.apache.pig.parser.LogicalPlanGenerator.query(LogicalPlanGenerator.java:421)
	at org.apache.pig.parser.QueryParserDriver.parse(QueryParserDriver.java:191)
	... 17 more
Caused by: org.apache.pig.impl.logicalLayer.FrontendException: ERROR 1031: Incompatible schema: left is "bnd:NULL,gender:NULL", right is "group:tuple(F::bnd:chararray,F::cgender:chararray)"
	at org.apache.pig.newplan.logical.relational.LogicalSchema.merge(LogicalSchema.java:809)
	at org.apache.pig.newplan.logical.relational.LOGenerate.getSchema(LOGenerate.java:163)
	at org.apache.pig.newplan.logical.optimizer.SchemaResetter.visit(SchemaResetter.java:123)
	at org.apache.pig.newplan.logical.relational.LOGenerate.accept(LOGenerate.java:252)
	at org.apache.pig.newplan.DependencyOrderWalker.walk(DependencyOrderWalker.java:75)
	at org.apache.pig.newplan.logical.optimizer.SchemaResetter.visit(SchemaResetter.java:114)
	at org.apache.pig.parser.LogicalPlanBuilder.buildForeachOp(LogicalPlanBuilder.java:1064)
	... 23 more
================================================================================
